<?xml version="1.0" encoding="UTF-8"?>
<!-- Generated by org.testng.reporters.JUnitReportReporter -->
<testsuite hostname="Priti" failures="0" tests="2" name="POMWith_PageFactory.FBLogin" time="0.009" errors="0" timestamp="2023-02-02T17:31:42 IST" skipped="0">
  <testcase classname="POMWith_PageFactory.FBLogin" name="TC0" time="0.007"/>
  <system-out/>
  <testcase classname="POMWith_PageFactory.FBLogin" name="TC1" time="0.002"/>
  <system-out>
    <![CDATA[Running TC1]]>
  </system-out>
</testsuite> <!-- POMWith_PageFactory.FBLogin -->
